<?xml version="1.0" encoding="UTF-8"?>
<testsuite xmlns:xsi="http://www.w3.org/2001/XMLSchema-instance" xsi:noNamespaceSchemaLocation="https://maven.apache.org/surefire/maven-surefire-plugin/xsd/surefire-test-report.xsd" version="3.0.2" name="org.csu.healthsystem.HealthSystemApplicationTests" time="3.482" tests="1" errors="0" skipped="0" failures="0">
  <properties>
[...]
</properties>
  <testcase name="testjwt" classname="org.csu.healthsystem.HealthSystemApplicationTests" time="0.893">
    <system-out><![CDATA[13:22:56.499 [main] INFO org.springframework.test.context.support.AnnotationConfigContextLoaderUtils -- Could not detect default configuration classes for test class [org.csu.healthsystem.HealthSystemApplicationTests]: HealthSystemApplicationTests does not declare any static, non-private, non-final, nested classes annotated with @Configuration.
13:22:56.578 [main] INFO org.springframework.boot.test.context.SpringBootTestContextBootstrapper -- Found @SpringBootConfiguration org.csu.healthsystem.HealthSystemApplication for test class org.csu.healthsystem.HealthSystemApplicationTests
13:22:56.702 [main] INFO org.springframework.boot.devtools.restart.RestartApplicationListener -- Restart disabled due to context in which it is running

  .   ____          _            __ _ _
 /\\ / ___'_ __ _ _(_)_ __  __ _ \ \ \ \
( ( )\___ | '_ | '_| | '_ \/ _` | \ \ \ \
 \\/  ___)| |_)| | | | | || (_| |  ) ) ) )
  '  |____| .__|_| |_|_| |_\__, | / / / /
 =========|_|==============|___/=/_/_/_/

 :: Spring Boot ::                (v3.4.7)

2025-06-28T13:22:56.911+08:00  INFO 14412 --- [HealthSystem] [           main] o.c.h.HealthSystemApplicationTests       : Starting HealthSystemApplicationTests using Java 17.0.14 with PID 14412 (started by hp in C:\Users\hp\IdeaProjects\HealthSystem)
2025-06-28T13:22:56.912+08:00  INFO 14412 --- [HealthSystem] [           main] o.c.h.HealthSystemApplicationTests       : No active profile set, falling back to 1 default profile: "default"
Logging initialized using 'class org.apache.ibatis.logging.stdout.StdOutImpl' adapter.
2025-06-28T13:22:58.963+08:00  INFO 14412 --- [HealthSystem] [           main] o.c.h.HealthSystemApplicationTests       : Started HealthSystemApplicationTests in 2.27 seconds (process running for 2.911)
]]></system-out>
  </testcase>
</testsuite>