<?xml version="1.0" encoding="UTF-8"?>
<testsuite xmlns:xsi="http://www.w3.org/2001/XMLSchema-instance" xsi:noNamespaceSchemaLocation="https://maven.apache.org/surefire/maven-surefire-plugin/xsd/surefire-test-report.xsd" version="3.0.2" name="org.csu.healthsystem.HealthSystemApplicationTests" time="4.869" tests="1" errors="0" skipped="0" failures="0">
  <properties>
[...]
</properties>
  <testcase name="testjwt" classname="org.csu.healthsystem.HealthSystemApplicationTests" time="1.237">
    <system-out><![CDATA[23:05:39.254 [main] INFO org.springframework.test.context.support.AnnotationConfigContextLoaderUtils -- Could not detect default configuration classes for test class [org.csu.healthsystem.HealthSystemApplicationTests]: HealthSystemApplicationTests does not declare any static, non-private, non-final, nested classes annotated with @Configuration.
23:05:39.394 [main] INFO org.springframework.boot.test.context.SpringBootTestContextBootstrapper -- Found @SpringBootConfiguration org.csu.healthsystem.HealthSystemApplication for test class org.csu.healthsystem.HealthSystemApplicationTests
23:05:39.650 [main] INFO org.springframework.boot.devtools.restart.RestartApplicationListener -- Restart disabled due to context in which it is running

  .   ____          _            __ _ _
 /\\ / ___'_ __ _ _(_)_ __  __ _ \ \ \ \
( ( )\___ | '_ | '_| | '_ \/ _` | \ \ \ \
 \\/  ___)| |_)| | | | | || (_| |  ) ) ) )
  '  |____| .__|_| |_|_| |_\__, | / / / /
 =========|_|==============|___/=/_/_/_/

 :: Spring Boot ::                (v3.4.7)

2025-06-28T23:05:40.021+08:00  INFO 35636 --- [HealthSystem] [           main] o.c.h.HealthSystemApplicationTests       : Starting HealthSystemApplicationTests using Java 17.0.9 with PID 35636 (started by 86136 in D:\MyWork\health-bigdata-analytics-system)
2025-06-28T23:05:40.024+08:00  INFO 35636 --- [HealthSystem] [           main] o.c.h.HealthSystemApplicationTests       : No active profile set, falling back to 1 default profile: "default"
Logging initialized using 'class org.apache.ibatis.logging.stdout.StdOutImpl' adapter.
2025-06-28T23:05:42.681+08:00  INFO 35636 --- [HealthSystem] [           main] o.c.h.HealthSystemApplicationTests       : Started HealthSystemApplicationTests in 3.052 seconds (process running for 4.188)
]]></system-out>
  </testcase>
</testsuite>